<?xml version="1.0" encoding="UTF-8"?>
<!-- Generated by org.testng.reporters.JUnitReportReporter -->
<testsuite hostname="HEBBARKARTHIK" failures="0" tests="2" name="testng.framework.testscripts.HomepageTest" time="14.439" errors="0" timestamp="2023-06-05T17:41:14 IST" skipped="0">
  <testcase classname="testng.framework.testscripts.HomepageTest" name="googleFlightTest" time="7.431"/>
  <testcase classname="testng.framework.testscripts.HomepageTest" name="googleFlightTest" time="7.008"/>
</testsuite> <!-- testng.framework.testscripts.HomepageTest -->
